

*******************************************************************************
Fri Oct 25 09:57:59 2024


FIT:    data read from 'tempstri.dat' u 1:2
        format = x:z
        #datapoints = 20
        residuals are weighted equally (unit weight)

function used for fitting: f(x)
	f(x) = a * x * log(x)
fitted parameters initialized with current variable values

iter      chisq       delta/lim  lambda   a            
   0 6.1435107205e+13   0.00e+00  1.75e+06    1.000000e+00
   5 6.6647239933e-05  -4.07e-11  1.75e+01    1.393552e-08

After 5 iterations the fit converged.
final sum of squares of residuals : 6.66472e-05
rel. change during last iteration : -4.06694e-16

degrees of freedom    (FIT_NDF)                        : 19
rms of residuals      (FIT_STDFIT) = sqrt(WSSR/ndf)    : 0.0018729
variance of residuals (reduced chisquare) = WSSR/ndf   : 3.50775e-06

Final set of parameters            Asymptotic Standard Error
=======================            ==========================
a               = 1.39355e-08      +/- 2.389e-10    (1.715%)


*******************************************************************************
Fri Oct 25 09:58:00 2024


FIT:    data read from 'tempstri.dat' u 1:3
        format = x:z
        #datapoints = 20
        residuals are weighted equally (unit weight)

function used for fitting: g(x)
	g(x) = b * x * log(x)
fitted parameters initialized with current variable values

iter      chisq       delta/lim  lambda   b            
   0 6.1435104559e+13   0.00e+00  1.75e+06    1.000000e+00
   5 8.7289393423e-05  -1.55e-11  1.75e+03    3.546771e-08

After 5 iterations the fit converged.
final sum of squares of residuals : 8.72894e-05
rel. change during last iteration : -1.5526e-16

degrees of freedom    (FIT_NDF)                        : 19
rms of residuals      (FIT_STDFIT) = sqrt(WSSR/ndf)    : 0.0021434
variance of residuals (reduced chisquare) = WSSR/ndf   : 4.59418e-06

Final set of parameters            Asymptotic Standard Error
=======================            ==========================
b               = 3.54677e-08      +/- 2.735e-10    (0.771%)
